<?xml version="1.0" encoding="UTF-8"?>
<testsuite xmlns:xsi="http://www.w3.org/2001/XMLSchema-instance" xsi:noNamespaceSchemaLocation="https://maven.apache.org/surefire/maven-surefire-plugin/xsd/surefire-test-report.xsd" name="SanityTests.JSONServerAPI" time="22.29" tests="4" errors="0" skipped="0" failures="4">
  <properties>
    <property name="sun.desktop" value="windows"/>
    <property name="awt.toolkit" value="sun.awt.windows.WToolkit"/>
    <property name="file.encoding.pkg" value="sun.io"/>
    <property name="java.specification.version" value="1.8"/>
    <property name="sun.cpu.isalist" value="amd64"/>
    <property name="sun.jnu.encoding" value="Cp1252"/>
    <property name="java.class.path" value="C:\Automation\FullStack\target\test-classes;C:\Automation\FullStack\target\classes;C:\Users\yahav\.m2\repository\org\testng\testng\6.14.3\testng-6.14.3.jar;C:\Users\yahav\.m2\repository\com\beust\jcommander\1.72\jcommander-1.72.jar;C:\Users\yahav\.m2\repository\org\apache-extras\beanshell\bsh\2.0b6\bsh-2.0b6.jar;C:\Users\yahav\.m2\repository\org\seleniumhq\selenium\selenium-java\3.5.3\selenium-java-3.5.3.jar;C:\Users\yahav\.m2\repository\org\seleniumhq\selenium\selenium-api\3.5.3\selenium-api-3.5.3.jar;C:\Users\yahav\.m2\repository\org\seleniumhq\selenium\selenium-chrome-driver\3.5.3\selenium-chrome-driver-3.5.3.jar;C:\Users\yahav\.m2\repository\org\seleniumhq\selenium\selenium-edge-driver\3.5.3\selenium-edge-driver-3.5.3.jar;C:\Users\yahav\.m2\repository\org\seleniumhq\selenium\selenium-firefox-driver\3.5.3\selenium-firefox-driver-3.5.3.jar;C:\Users\yahav\.m2\repository\org\seleniumhq\selenium\selenium-ie-driver\3.5.3\selenium-ie-driver-3.5.3.jar;C:\Users\yahav\.m2\repository\org\seleniumhq\selenium\selenium-opera-driver\3.5.3\selenium-opera-driver-3.5.3.jar;C:\Users\yahav\.m2\repository\org\seleniumhq\selenium\selenium-remote-driver\3.5.3\selenium-remote-driver-3.5.3.jar;C:\Users\yahav\.m2\repository\org\seleniumhq\selenium\selenium-safari-driver\3.5.3\selenium-safari-driver-3.5.3.jar;C:\Users\yahav\.m2\repository\org\seleniumhq\selenium\selenium-support\3.5.3\selenium-support-3.5.3.jar;C:\Users\yahav\.m2\repository\cglib\cglib-nodep\3.2.4\cglib-nodep-3.2.4.jar;C:\Users\yahav\.m2\repository\org\apache\commons\commons-exec\1.3\commons-exec-1.3.jar;C:\Users\yahav\.m2\repository\org\apache\commons\commons-lang3\3.5\commons-lang3-3.5.jar;C:\Users\yahav\.m2\repository\commons-codec\commons-codec\1.10\commons-codec-1.10.jar;C:\Users\yahav\.m2\repository\commons-io\commons-io\2.5\commons-io-2.5.jar;C:\Users\yahav\.m2\repository\commons-logging\commons-logging\1.2\commons-logging-1.2.jar;C:\Users\yahav\.m2\repository\org\w3c\css\sac\1.3\sac-1.3.jar;C:\Users\yahav\.m2\repository\net\sourceforge\cssparser\cssparser\0.9.23\cssparser-0.9.23.jar;C:\Users\yahav\.m2\repository\com\google\code\gson\gson\2.8.0\gson-2.8.0.jar;C:\Users\yahav\.m2\repository\com\google\guava\guava\23.0\guava-23.0.jar;C:\Users\yahav\.m2\repository\com\google\code\findbugs\jsr305\1.3.9\jsr305-1.3.9.jar;C:\Users\yahav\.m2\repository\com\google\errorprone\error_prone_annotations\2.0.18\error_prone_annotations-2.0.18.jar;C:\Users\yahav\.m2\repository\com\google\j2objc\j2objc-annotations\1.1\j2objc-annotations-1.1.jar;C:\Users\yahav\.m2\repository\org\codehaus\mojo\animal-sniffer-annotations\1.14\animal-sniffer-annotations-1.14.jar;C:\Users\yahav\.m2\repository\org\hamcrest\hamcrest-core\1.3\hamcrest-core-1.3.jar;C:\Users\yahav\.m2\repository\net\sourceforge\htmlunit\htmlunit\2.27\htmlunit-2.27.jar;C:\Users\yahav\.m2\repository\net\sourceforge\htmlunit\htmlunit-core-js\2.27\htmlunit-core-js-2.27.jar;C:\Users\yahav\.m2\repository\net\sourceforge\htmlunit\neko-htmlunit\2.27\neko-htmlunit-2.27.jar;C:\Users\yahav\.m2\repository\org\apache\httpcomponents\httpclient\4.5.3\httpclient-4.5.3.jar;C:\Users\yahav\.m2\repository\org\apache\httpcomponents\httpcore\4.4.6\httpcore-4.4.6.jar;C:\Users\yahav\.m2\repository\org\apache\httpcomponents\httpmime\4.5.3\httpmime-4.5.3.jar;C:\Users\yahav\.m2\repository\org\eclipse\jetty\jetty-client\9.4.5.v20170502\jetty-client-9.4.5.v20170502.jar;C:\Users\yahav\.m2\repository\org\eclipse\jetty\jetty-http\9.4.5.v20170502\jetty-http-9.4.5.v20170502.jar;C:\Users\yahav\.m2\repository\org\eclipse\jetty\jetty-io\9.4.5.v20170502\jetty-io-9.4.5.v20170502.jar;C:\Users\yahav\.m2\repository\org\eclipse\jetty\jetty-util\9.4.5.v20170502\jetty-util-9.4.5.v20170502.jar;C:\Users\yahav\.m2\repository\net\java\dev\jna\jna\4.1.0\jna-4.1.0.jar;C:\Users\yahav\.m2\repository\net\java\dev\jna\jna-platform\4.1.0\jna-platform-4.1.0.jar;C:\Users\yahav\.m2\repository\junit\junit\4.12\junit-4.12.jar;C:\Users\yahav\.m2\repository\com\codeborne\phantomjsdriver\1.4.0\phantomjsdriver-1.4.0.jar;C:\Users\yahav\.m2\repository\org\seleniumhq\selenium\htmlunit-driver\2.27\htmlunit-driver-2.27.jar;C:\Users\yahav\.m2\repository\javax\servlet\javax.servlet-api\3.1.0\javax.servlet-api-3.1.0.jar;C:\Users\yahav\.m2\repository\org\eclipse\jetty\websocket\websocket-api\9.4.5.v20170502\websocket-api-9.4.5.v20170502.jar;C:\Users\yahav\.m2\repository\org\eclipse\jetty\websocket\websocket-client\9.4.5.v20170502\websocket-client-9.4.5.v20170502.jar;C:\Users\yahav\.m2\repository\org\eclipse\jetty\websocket\websocket-common\9.4.5.v20170502\websocket-common-9.4.5.v20170502.jar;C:\Users\yahav\.m2\repository\xalan\serializer\2.7.2\serializer-2.7.2.jar;C:\Users\yahav\.m2\repository\xalan\xalan\2.7.2\xalan-2.7.2.jar;C:\Users\yahav\.m2\repository\xerces\xercesImpl\2.11.0\xercesImpl-2.11.0.jar;C:\Users\yahav\.m2\repository\xml-apis\xml-apis\1.4.01\xml-apis-1.4.01.jar;C:\Users\yahav\.m2\repository\io\github\bonigarcia\webdrivermanager\3.8.1\webdrivermanager-3.8.1.jar;C:\Users\yahav\.m2\repository\org\slf4j\slf4j-api\1.7.25\slf4j-api-1.7.25.jar;C:\Users\yahav\.m2\repository\org\rauschig\jarchivelib\1.0.0\jarchivelib-1.0.0.jar;C:\Users\yahav\.m2\repository\org\apache\commons\commons-compress\1.18\commons-compress-1.18.jar;C:\Users\yahav\.m2\repository\org\jsoup\jsoup\1.11.3\jsoup-1.11.3.jar;C:\Users\yahav\.m2\repository\io\qameta\allure\allure-testng\2.13.1\allure-testng-2.13.1.jar;C:\Users\yahav\.m2\repository\io\qameta\allure\allure-java-commons\2.13.1\allure-java-commons-2.13.1.jar;C:\Users\yahav\.m2\repository\io\qameta\allure\allure-model\2.13.1\allure-model-2.13.1.jar;C:\Users\yahav\.m2\repository\com\fasterxml\jackson\core\jackson-databind\2.9.8\jackson-databind-2.9.8.jar;C:\Users\yahav\.m2\repository\com\fasterxml\jackson\core\jackson-annotations\2.9.0\jackson-annotations-2.9.0.jar;C:\Users\yahav\.m2\repository\com\fasterxml\jackson\core\jackson-core\2.9.8\jackson-core-2.9.8.jar;C:\Users\yahav\.m2\repository\org\apache\tika\tika-core\1.20\tika-core-1.20.jar;C:\Users\yahav\.m2\repository\org\jooq\joor-java-8\0.9.10\joor-java-8-0.9.10.jar;C:\Users\yahav\.m2\repository\ru\yandex\qatools\ashot\ashot\1.5.4\ashot-1.5.4.jar;C:\Users\yahav\.m2\repository\com\experitest\appium\4.1.2\appium-4.1.2.jar;C:\Users\yahav\.m2\repository\com\experitest\aspectjweaver\1.8.9\aspectjweaver-1.8.9.jar;C:\Users\yahav\.m2\repository\com\experitest\boon\0.33\boon-0.33.jar;C:\Users\yahav\.m2\repository\com\experitest\cglib-nodep\3.2.4\cglib-nodep-3.2.4.jar;C:\Users\yahav\.m2\repository\com\experitest\commons-beanutils\1.9.2\commons-beanutils-1.9.2.jar;C:\Users\yahav\.m2\repository\com\experitest\commons-codec\1.10\commons-codec-1.10.jar;C:\Users\yahav\.m2\repository\com\experitest\commons-collections\3.2.2\commons-collections-3.2.2.jar;C:\Users\yahav\.m2\repository\com\experitest\commons-digester\1.8.1\commons-digester-1.8.1.jar;C:\Users\yahav\.m2\repository\com\experitest\commons-exec\1.3\commons-exec-1.3.jar;C:\Users\yahav\.m2\repository\com\experitest\commons-io\2.4\commons-io-2.4.jar;C:\Users\yahav\.m2\repository\com\experitest\commons-lang3\3.4\commons-lang3-3.4.jar;C:\Users\yahav\.m2\repository\com\experitest\commons-logging\1.2\commons-logging-1.2.jar;C:\Users\yahav\.m2\repository\com\experitest\commons-validator\1.5.1\commons-validator-1.5.1.jar;C:\Users\yahav\.m2\repository\com\experitest\cssparser\0.9.18\cssparser-0.9.18.jar;C:\Users\yahav\.m2\repository\com\experitest\gson\2.7\gson-2.7.jar;C:\Users\yahav\.m2\repository\com\experitest\guava\19.0\guava-19.0.jar;C:\Users\yahav\.m2\repository\com\experitest\hamcrest-core\1.3\hamcrest-core-1.3.jar;C:\Users\yahav\.m2\repository\com\experitest\htmlunit\2.21\htmlunit-2.21.jar;C:\Users\yahav\.m2\repository\com\experitest\htmlunit-core-js\2.17\htmlunit-core-js-2.17.jar;C:\Users\yahav\.m2\repository\com\experitest\htmlunit-driver\2.21\htmlunit-driver-2.21.jar;C:\Users\yahav\.m2\repository\com\experitest\httpclient\4.5.2\httpclient-4.5.2.jar;C:\Users\yahav\.m2\repository\com\experitest\httpcore\4.4.4\httpcore-4.4.4.jar;C:\Users\yahav\.m2\repository\com\experitest\httpmime\4.5.2\httpmime-4.5.2.jar;C:\Users\yahav\.m2\repository\com\experitest\jetty-io\9.2.15.v20160210\jetty-io-9.2.15.v20160210.jar;C:\Users\yahav\.m2\repository\com\experitest\jetty-util\9.2.15.v20160210\jetty-util-9.2.15.v20160210.jar;C:\Users\yahav\.m2\repository\com\experitest\jna\4.1.0\jna-4.1.0.jar;C:\Users\yahav\.m2\repository\com\experitest\jna-platform\4.1.0\jna-platform-4.1.0.jar;C:\Users\yahav\.m2\repository\com\experitest\junit\4.12\junit-4.12.jar;C:\Users\yahav\.m2\repository\com\experitest\neko-htmlunit\2.21\neko-htmlunit-2.21.jar;C:\Users\yahav\.m2\repository\com\experitest\netty\3.5.7.Final\netty-3.5.7.Final.jar;C:\Users\yahav\.m2\repository\com\experitest\sac\1.3\sac-1.3.jar;C:\Users\yahav\.m2\repository\com\experitest\selenium-api\2.53.1\selenium-api-2.53.1.jar;C:\Users\yahav\.m2\repository\com\experitest\selenium-chrome-driver\2.53.1\selenium-chrome-driver-2.53.1.jar;C:\Users\yahav\.m2\repository\com\experitest\selenium-edge-driver\2.53.1\selenium-edge-driver-2.53.1.jar;C:\Users\yahav\.m2\repository\com\experitest\selenium-firefox-driver\2.53.1\selenium-firefox-driver-2.53.1.jar;C:\Users\yahav\.m2\repository\com\experitest\selenium-ie-driver\2.53.1\selenium-ie-driver-2.53.1.jar;C:\Users\yahav\.m2\repository\com\experitest\selenium-java\2.53.1\selenium-java-2.53.1.jar;C:\Users\yahav\.m2\repository\com\experitest\selenium-leg-rc\2.53.1\selenium-leg-rc-2.53.1.jar;C:\Users\yahav\.m2\repository\com\experitest\selenium-remote-driver\2.53.1\selenium-remote-driver-2.53.1.jar;C:\Users\yahav\.m2\repository\com\experitest\selenium-safari-driver\2.53.1\selenium-safari-driver-2.53.1.jar;C:\Users\yahav\.m2\repository\com\experitest\selenium-support\2.53.1\selenium-support-2.53.1.jar;C:\Users\yahav\.m2\repository\com\experitest\serializer\2.7.2\serializer-2.7.2.jar;C:\Users\yahav\.m2\repository\com\experitest\spring-aop\4.3.2.RELEASE\spring-aop-4.3.2.RELEASE.jar;C:\Users\yahav\.m2\repository\com\experitest\spring-beans\4.3.2.RELEASE\spring-beans-4.3.2.RELEASE.jar;C:\Users\yahav\.m2\repository\com\experitest\spring-context\4.3.2.RELEASE\spring-context-4.3.2.RELEASE.jar;C:\Users\yahav\.m2\repository\com\experitest\spring-core\4.3.2.RELEASE\spring-core-4.3.2.RELEASE.jar;C:\Users\yahav\.m2\repository\com\experitest\spring-expression\4.3.2.RELEASE\spring-expression-4.3.2.RELEASE.jar;C:\Users\yahav\.m2\repository\com\experitest\websocket-api\9.2.15.v20160210\websocket-api-9.2.15.v20160210.jar;C:\Users\yahav\.m2\repository\com\experitest\websocket-client\9.2.15.v20160210\websocket-client-9.2.15.v20160210.jar;C:\Users\yahav\.m2\repository\com\experitest\websocket-common\9.2.15.v20160210\websocket-common-9.2.15.v20160210.jar;C:\Users\yahav\.m2\repository\com\experitest\ws-commons-util\1.0.2\ws-commons-util-1.0.2.jar;C:\Users\yahav\.m2\repository\com\experitest\xalan\2.7.2\xalan-2.7.2.jar;C:\Users\yahav\.m2\repository\com\experitest\xercesImpl\2.11.0\xercesImpl-2.11.0.jar;C:\Users\yahav\.m2\repository\com\experitest\xml-apis\1.4.01\xml-apis-1.4.01.jar;C:\Users\yahav\.m2\repository\com\experitest\xmlrpc-client\3.1.2\xmlrpc-client-3.1.2.jar;C:\Users\yahav\.m2\repository\com\experitest\xmlrpc-common\3.1.2\xmlrpc-common-3.1.2.jar;C:\Users\yahav\.m2\repository\io\rest-assured\rest-assured\3.3.0\rest-assured-3.3.0.jar;C:\Users\yahav\.m2\repository\org\codehaus\groovy\groovy\2.4.15\groovy-2.4.15.jar;C:\Users\yahav\.m2\repository\org\codehaus\groovy\groovy-xml\2.4.15\groovy-xml-2.4.15.jar;C:\Users\yahav\.m2\repository\org\hamcrest\hamcrest-library\1.3\hamcrest-library-1.3.jar;C:\Users\yahav\.m2\repository\org\ccil\cowan\tagsoup\tagsoup\1.2.1\tagsoup-1.2.1.jar;C:\Users\yahav\.m2\repository\io\rest-assured\xml-path\3.3.0\xml-path-3.3.0.jar;C:\Users\yahav\.m2\repository\javax\xml\bind\jaxb-api\2.2.12\jaxb-api-2.2.12.jar;C:\Users\yahav\.m2\repository\com\sun\xml\bind\jaxb-osgi\2.2.10\jaxb-osgi-2.2.10.jar;C:\Users\yahav\.m2\repository\org\apache\sling\org.apache.sling.javax.activation\0.1.0\org.apache.sling.javax.activation-0.1.0.jar;C:\Users\yahav\.m2\repository\javax\activation\activation\1.1.1\activation-1.1.1.jar;C:\Users\yahav\.m2\repository\io\rest-assured\json-schema-validator\3.3.0\json-schema-validator-3.3.0.jar;C:\Users\yahav\.m2\repository\com\github\java-json-tools\json-schema-validator\2.2.10\json-schema-validator-2.2.10.jar;C:\Users\yahav\.m2\repository\com\github\java-json-tools\json-schema-core\1.2.10\json-schema-core-1.2.10.jar;C:\Users\yahav\.m2\repository\com\github\java-json-tools\jackson-coreutils\1.9\jackson-coreutils-1.9.jar;C:\Users\yahav\.m2\repository\com\github\fge\msg-simple\1.1\msg-simple-1.1.jar;C:\Users\yahav\.m2\repository\com\github\fge\btf\1.2\btf-1.2.jar;C:\Users\yahav\.m2\repository\com\github\fge\uri-template\0.9\uri-template-0.9.jar;C:\Users\yahav\.m2\repository\org\mozilla\rhino\1.7.7.1\rhino-1.7.7.1.jar;C:\Users\yahav\.m2\repository\javax\mail\mailapi\1.4.3\mailapi-1.4.3.jar;C:\Users\yahav\.m2\repository\joda-time\joda-time\2.9.7\joda-time-2.9.7.jar;C:\Users\yahav\.m2\repository\com\googlecode\libphonenumber\libphonenumber\8.0.0\libphonenumber-8.0.0.jar;C:\Users\yahav\.m2\repository\net\sf\jopt-simple\jopt-simple\5.0.3\jopt-simple-5.0.3.jar;C:\Users\yahav\.m2\repository\io\rest-assured\json-path\3.3.0\json-path-3.3.0.jar;C:\Users\yahav\.m2\repository\org\codehaus\groovy\groovy-json\2.4.15\groovy-json-2.4.15.jar;C:\Users\yahav\.m2\repository\io\rest-assured\rest-assured-common\3.3.0\rest-assured-common-3.3.0.jar;C:\Users\yahav\.m2\repository\com\googlecode\json-simple\json-simple\1.1.1\json-simple-1.1.1.jar;C:\Users\yahav\.m2\repository\mysql\mysql-connector-java\8.0.16\mysql-connector-java-8.0.16.jar;C:\Users\yahav\.m2\repository\com\google\protobuf\protobuf-java\3.6.1\protobuf-java-3.6.1.jar;"/>
    <property name="java.vm.vendor" value="Oracle Corporation"/>
    <property name="sun.arch.data.model" value="64"/>
    <property name="user.variant" value=""/>
    <property name="java.vendor.url" value="http://java.oracle.com/"/>
    <property name="user.timezone" value="Asia/Jerusalem"/>
    <property name="user.country.format" value="IL"/>
    <property name="java.vm.specification.version" value="1.8"/>
    <property name="os.name" value="Windows 10"/>
    <property name="user.country" value="US"/>
    <property name="sun.java.launcher" value="SUN_STANDARD"/>
    <property name="sun.boot.library.path" value="C:\Program Files\Java\jre1.8.0_271\bin"/>
    <property name="sun.java.command" value="C:\Users\yahav\AppData\Local\Temp\surefire4627521283198547218\surefirebooter153015288759462113.jar C:\Users\yahav\AppData\Local\Temp\surefire4627521283198547218 2020-11-09T21-34-08_731-jvmRun1 surefire6485093589984271515tmp surefire_04599915693688175326tmp"/>
    <property name="surefire.test.class.path" value="C:\Automation\FullStack\target\test-classes;C:\Automation\FullStack\target\classes;C:\Users\yahav\.m2\repository\org\testng\testng\6.14.3\testng-6.14.3.jar;C:\Users\yahav\.m2\repository\com\beust\jcommander\1.72\jcommander-1.72.jar;C:\Users\yahav\.m2\repository\org\apache-extras\beanshell\bsh\2.0b6\bsh-2.0b6.jar;C:\Users\yahav\.m2\repository\org\seleniumhq\selenium\selenium-java\3.5.3\selenium-java-3.5.3.jar;C:\Users\yahav\.m2\repository\org\seleniumhq\selenium\selenium-api\3.5.3\selenium-api-3.5.3.jar;C:\Users\yahav\.m2\repository\org\seleniumhq\selenium\selenium-chrome-driver\3.5.3\selenium-chrome-driver-3.5.3.jar;C:\Users\yahav\.m2\repository\org\seleniumhq\selenium\selenium-edge-driver\3.5.3\selenium-edge-driver-3.5.3.jar;C:\Users\yahav\.m2\repository\org\seleniumhq\selenium\selenium-firefox-driver\3.5.3\selenium-firefox-driver-3.5.3.jar;C:\Users\yahav\.m2\repository\org\seleniumhq\selenium\selenium-ie-driver\3.5.3\selenium-ie-driver-3.5.3.jar;C:\Users\yahav\.m2\repository\org\seleniumhq\selenium\selenium-opera-driver\3.5.3\selenium-opera-driver-3.5.3.jar;C:\Users\yahav\.m2\repository\org\seleniumhq\selenium\selenium-remote-driver\3.5.3\selenium-remote-driver-3.5.3.jar;C:\Users\yahav\.m2\repository\org\seleniumhq\selenium\selenium-safari-driver\3.5.3\selenium-safari-driver-3.5.3.jar;C:\Users\yahav\.m2\repository\org\seleniumhq\selenium\selenium-support\3.5.3\selenium-support-3.5.3.jar;C:\Users\yahav\.m2\repository\cglib\cglib-nodep\3.2.4\cglib-nodep-3.2.4.jar;C:\Users\yahav\.m2\repository\org\apache\commons\commons-exec\1.3\commons-exec-1.3.jar;C:\Users\yahav\.m2\repository\org\apache\commons\commons-lang3\3.5\commons-lang3-3.5.jar;C:\Users\yahav\.m2\repository\commons-codec\commons-codec\1.10\commons-codec-1.10.jar;C:\Users\yahav\.m2\repository\commons-io\commons-io\2.5\commons-io-2.5.jar;C:\Users\yahav\.m2\repository\commons-logging\commons-logging\1.2\commons-logging-1.2.jar;C:\Users\yahav\.m2\repository\org\w3c\css\sac\1.3\sac-1.3.jar;C:\Users\yahav\.m2\repository\net\sourceforge\cssparser\cssparser\0.9.23\cssparser-0.9.23.jar;C:\Users\yahav\.m2\repository\com\google\code\gson\gson\2.8.0\gson-2.8.0.jar;C:\Users\yahav\.m2\repository\com\google\guava\guava\23.0\guava-23.0.jar;C:\Users\yahav\.m2\repository\com\google\code\findbugs\jsr305\1.3.9\jsr305-1.3.9.jar;C:\Users\yahav\.m2\repository\com\google\errorprone\error_prone_annotations\2.0.18\error_prone_annotations-2.0.18.jar;C:\Users\yahav\.m2\repository\com\google\j2objc\j2objc-annotations\1.1\j2objc-annotations-1.1.jar;C:\Users\yahav\.m2\repository\org\codehaus\mojo\animal-sniffer-annotations\1.14\animal-sniffer-annotations-1.14.jar;C:\Users\yahav\.m2\repository\org\hamcrest\hamcrest-core\1.3\hamcrest-core-1.3.jar;C:\Users\yahav\.m2\repository\net\sourceforge\htmlunit\htmlunit\2.27\htmlunit-2.27.jar;C:\Users\yahav\.m2\repository\net\sourceforge\htmlunit\htmlunit-core-js\2.27\htmlunit-core-js-2.27.jar;C:\Users\yahav\.m2\repository\net\sourceforge\htmlunit\neko-htmlunit\2.27\neko-htmlunit-2.27.jar;C:\Users\yahav\.m2\repository\org\apache\httpcomponents\httpclient\4.5.3\httpclient-4.5.3.jar;C:\Users\yahav\.m2\repository\org\apache\httpcomponents\httpcore\4.4.6\httpcore-4.4.6.jar;C:\Users\yahav\.m2\repository\org\apache\httpcomponents\httpmime\4.5.3\httpmime-4.5.3.jar;C:\Users\yahav\.m2\repository\org\eclipse\jetty\jetty-client\9.4.5.v20170502\jetty-client-9.4.5.v20170502.jar;C:\Users\yahav\.m2\repository\org\eclipse\jetty\jetty-http\9.4.5.v20170502\jetty-http-9.4.5.v20170502.jar;C:\Users\yahav\.m2\repository\org\eclipse\jetty\jetty-io\9.4.5.v20170502\jetty-io-9.4.5.v20170502.jar;C:\Users\yahav\.m2\repository\org\eclipse\jetty\jetty-util\9.4.5.v20170502\jetty-util-9.4.5.v20170502.jar;C:\Users\yahav\.m2\repository\net\java\dev\jna\jna\4.1.0\jna-4.1.0.jar;C:\Users\yahav\.m2\repository\net\java\dev\jna\jna-platform\4.1.0\jna-platform-4.1.0.jar;C:\Users\yahav\.m2\repository\junit\junit\4.12\junit-4.12.jar;C:\Users\yahav\.m2\repository\com\codeborne\phantomjsdriver\1.4.0\phantomjsdriver-1.4.0.jar;C:\Users\yahav\.m2\repository\org\seleniumhq\selenium\htmlunit-driver\2.27\htmlunit-driver-2.27.jar;C:\Users\yahav\.m2\repository\javax\servlet\javax.servlet-api\3.1.0\javax.servlet-api-3.1.0.jar;C:\Users\yahav\.m2\repository\org\eclipse\jetty\websocket\websocket-api\9.4.5.v20170502\websocket-api-9.4.5.v20170502.jar;C:\Users\yahav\.m2\repository\org\eclipse\jetty\websocket\websocket-client\9.4.5.v20170502\websocket-client-9.4.5.v20170502.jar;C:\Users\yahav\.m2\repository\org\eclipse\jetty\websocket\websocket-common\9.4.5.v20170502\websocket-common-9.4.5.v20170502.jar;C:\Users\yahav\.m2\repository\xalan\serializer\2.7.2\serializer-2.7.2.jar;C:\Users\yahav\.m2\repository\xalan\xalan\2.7.2\xalan-2.7.2.jar;C:\Users\yahav\.m2\repository\xerces\xercesImpl\2.11.0\xercesImpl-2.11.0.jar;C:\Users\yahav\.m2\repository\xml-apis\xml-apis\1.4.01\xml-apis-1.4.01.jar;C:\Users\yahav\.m2\repository\io\github\bonigarcia\webdrivermanager\3.8.1\webdrivermanager-3.8.1.jar;C:\Users\yahav\.m2\repository\org\slf4j\slf4j-api\1.7.25\slf4j-api-1.7.25.jar;C:\Users\yahav\.m2\repository\org\rauschig\jarchivelib\1.0.0\jarchivelib-1.0.0.jar;C:\Users\yahav\.m2\repository\org\apache\commons\commons-compress\1.18\commons-compress-1.18.jar;C:\Users\yahav\.m2\repository\org\jsoup\jsoup\1.11.3\jsoup-1.11.3.jar;C:\Users\yahav\.m2\repository\io\qameta\allure\allure-testng\2.13.1\allure-testng-2.13.1.jar;C:\Users\yahav\.m2\repository\io\qameta\allure\allure-java-commons\2.13.1\allure-java-commons-2.13.1.jar;C:\Users\yahav\.m2\repository\io\qameta\allure\allure-model\2.13.1\allure-model-2.13.1.jar;C:\Users\yahav\.m2\repository\com\fasterxml\jackson\core\jackson-databind\2.9.8\jackson-databind-2.9.8.jar;C:\Users\yahav\.m2\repository\com\fasterxml\jackson\core\jackson-annotations\2.9.0\jackson-annotations-2.9.0.jar;C:\Users\yahav\.m2\repository\com\fasterxml\jackson\core\jackson-core\2.9.8\jackson-core-2.9.8.jar;C:\Users\yahav\.m2\repository\org\apache\tika\tika-core\1.20\tika-core-1.20.jar;C:\Users\yahav\.m2\repository\org\jooq\joor-java-8\0.9.10\joor-java-8-0.9.10.jar;C:\Users\yahav\.m2\repository\ru\yandex\qatools\ashot\ashot\1.5.4\ashot-1.5.4.jar;C:\Users\yahav\.m2\repository\com\experitest\appium\4.1.2\appium-4.1.2.jar;C:\Users\yahav\.m2\repository\com\experitest\aspectjweaver\1.8.9\aspectjweaver-1.8.9.jar;C:\Users\yahav\.m2\repository\com\experitest\boon\0.33\boon-0.33.jar;C:\Users\yahav\.m2\repository\com\experitest\cglib-nodep\3.2.4\cglib-nodep-3.2.4.jar;C:\Users\yahav\.m2\repository\com\experitest\commons-beanutils\1.9.2\commons-beanutils-1.9.2.jar;C:\Users\yahav\.m2\repository\com\experitest\commons-codec\1.10\commons-codec-1.10.jar;C:\Users\yahav\.m2\repository\com\experitest\commons-collections\3.2.2\commons-collections-3.2.2.jar;C:\Users\yahav\.m2\repository\com\experitest\commons-digester\1.8.1\commons-digester-1.8.1.jar;C:\Users\yahav\.m2\repository\com\experitest\commons-exec\1.3\commons-exec-1.3.jar;C:\Users\yahav\.m2\repository\com\experitest\commons-io\2.4\commons-io-2.4.jar;C:\Users\yahav\.m2\repository\com\experitest\commons-lang3\3.4\commons-lang3-3.4.jar;C:\Users\yahav\.m2\repository\com\experitest\commons-logging\1.2\commons-logging-1.2.jar;C:\Users\yahav\.m2\repository\com\experitest\commons-validator\1.5.1\commons-validator-1.5.1.jar;C:\Users\yahav\.m2\repository\com\experitest\cssparser\0.9.18\cssparser-0.9.18.jar;C:\Users\yahav\.m2\repository\com\experitest\gson\2.7\gson-2.7.jar;C:\Users\yahav\.m2\repository\com\experitest\guava\19.0\guava-19.0.jar;C:\Users\yahav\.m2\repository\com\experitest\hamcrest-core\1.3\hamcrest-core-1.3.jar;C:\Users\yahav\.m2\repository\com\experitest\htmlunit\2.21\htmlunit-2.21.jar;C:\Users\yahav\.m2\repository\com\experitest\htmlunit-core-js\2.17\htmlunit-core-js-2.17.jar;C:\Users\yahav\.m2\repository\com\experitest\htmlunit-driver\2.21\htmlunit-driver-2.21.jar;C:\Users\yahav\.m2\repository\com\experitest\httpclient\4.5.2\httpclient-4.5.2.jar;C:\Users\yahav\.m2\repository\com\experitest\httpcore\4.4.4\httpcore-4.4.4.jar;C:\Users\yahav\.m2\repository\com\experitest\httpmime\4.5.2\httpmime-4.5.2.jar;C:\Users\yahav\.m2\repository\com\experitest\jetty-io\9.2.15.v20160210\jetty-io-9.2.15.v20160210.jar;C:\Users\yahav\.m2\repository\com\experitest\jetty-util\9.2.15.v20160210\jetty-util-9.2.15.v20160210.jar;C:\Users\yahav\.m2\repository\com\experitest\jna\4.1.0\jna-4.1.0.jar;C:\Users\yahav\.m2\repository\com\experitest\jna-platform\4.1.0\jna-platform-4.1.0.jar;C:\Users\yahav\.m2\repository\com\experitest\junit\4.12\junit-4.12.jar;C:\Users\yahav\.m2\repository\com\experitest\neko-htmlunit\2.21\neko-htmlunit-2.21.jar;C:\Users\yahav\.m2\repository\com\experitest\netty\3.5.7.Final\netty-3.5.7.Final.jar;C:\Users\yahav\.m2\repository\com\experitest\sac\1.3\sac-1.3.jar;C:\Users\yahav\.m2\repository\com\experitest\selenium-api\2.53.1\selenium-api-2.53.1.jar;C:\Users\yahav\.m2\repository\com\experitest\selenium-chrome-driver\2.53.1\selenium-chrome-driver-2.53.1.jar;C:\Users\yahav\.m2\repository\com\experitest\selenium-edge-driver\2.53.1\selenium-edge-driver-2.53.1.jar;C:\Users\yahav\.m2\repository\com\experitest\selenium-firefox-driver\2.53.1\selenium-firefox-driver-2.53.1.jar;C:\Users\yahav\.m2\repository\com\experitest\selenium-ie-driver\2.53.1\selenium-ie-driver-2.53.1.jar;C:\Users\yahav\.m2\repository\com\experitest\selenium-java\2.53.1\selenium-java-2.53.1.jar;C:\Users\yahav\.m2\repository\com\experitest\selenium-leg-rc\2.53.1\selenium-leg-rc-2.53.1.jar;C:\Users\yahav\.m2\repository\com\experitest\selenium-remote-driver\2.53.1\selenium-remote-driver-2.53.1.jar;C:\Users\yahav\.m2\repository\com\experitest\selenium-safari-driver\2.53.1\selenium-safari-driver-2.53.1.jar;C:\Users\yahav\.m2\repository\com\experitest\selenium-support\2.53.1\selenium-support-2.53.1.jar;C:\Users\yahav\.m2\repository\com\experitest\serializer\2.7.2\serializer-2.7.2.jar;C:\Users\yahav\.m2\repository\com\experitest\spring-aop\4.3.2.RELEASE\spring-aop-4.3.2.RELEASE.jar;C:\Users\yahav\.m2\repository\com\experitest\spring-beans\4.3.2.RELEASE\spring-beans-4.3.2.RELEASE.jar;C:\Users\yahav\.m2\repository\com\experitest\spring-context\4.3.2.RELEASE\spring-context-4.3.2.RELEASE.jar;C:\Users\yahav\.m2\repository\com\experitest\spring-core\4.3.2.RELEASE\spring-core-4.3.2.RELEASE.jar;C:\Users\yahav\.m2\repository\com\experitest\spring-expression\4.3.2.RELEASE\spring-expression-4.3.2.RELEASE.jar;C:\Users\yahav\.m2\repository\com\experitest\websocket-api\9.2.15.v20160210\websocket-api-9.2.15.v20160210.jar;C:\Users\yahav\.m2\repository\com\experitest\websocket-client\9.2.15.v20160210\websocket-client-9.2.15.v20160210.jar;C:\Users\yahav\.m2\repository\com\experitest\websocket-common\9.2.15.v20160210\websocket-common-9.2.15.v20160210.jar;C:\Users\yahav\.m2\repository\com\experitest\ws-commons-util\1.0.2\ws-commons-util-1.0.2.jar;C:\Users\yahav\.m2\repository\com\experitest\xalan\2.7.2\xalan-2.7.2.jar;C:\Users\yahav\.m2\repository\com\experitest\xercesImpl\2.11.0\xercesImpl-2.11.0.jar;C:\Users\yahav\.m2\repository\com\experitest\xml-apis\1.4.01\xml-apis-1.4.01.jar;C:\Users\yahav\.m2\repository\com\experitest\xmlrpc-client\3.1.2\xmlrpc-client-3.1.2.jar;C:\Users\yahav\.m2\repository\com\experitest\xmlrpc-common\3.1.2\xmlrpc-common-3.1.2.jar;C:\Users\yahav\.m2\repository\io\rest-assured\rest-assured\3.3.0\rest-assured-3.3.0.jar;C:\Users\yahav\.m2\repository\org\codehaus\groovy\groovy\2.4.15\groovy-2.4.15.jar;C:\Users\yahav\.m2\repository\org\codehaus\groovy\groovy-xml\2.4.15\groovy-xml-2.4.15.jar;C:\Users\yahav\.m2\repository\org\hamcrest\hamcrest-library\1.3\hamcrest-library-1.3.jar;C:\Users\yahav\.m2\repository\org\ccil\cowan\tagsoup\tagsoup\1.2.1\tagsoup-1.2.1.jar;C:\Users\yahav\.m2\repository\io\rest-assured\xml-path\3.3.0\xml-path-3.3.0.jar;C:\Users\yahav\.m2\repository\javax\xml\bind\jaxb-api\2.2.12\jaxb-api-2.2.12.jar;C:\Users\yahav\.m2\repository\com\sun\xml\bind\jaxb-osgi\2.2.10\jaxb-osgi-2.2.10.jar;C:\Users\yahav\.m2\repository\org\apache\sling\org.apache.sling.javax.activation\0.1.0\org.apache.sling.javax.activation-0.1.0.jar;C:\Users\yahav\.m2\repository\javax\activation\activation\1.1.1\activation-1.1.1.jar;C:\Users\yahav\.m2\repository\io\rest-assured\json-schema-validator\3.3.0\json-schema-validator-3.3.0.jar;C:\Users\yahav\.m2\repository\com\github\java-json-tools\json-schema-validator\2.2.10\json-schema-validator-2.2.10.jar;C:\Users\yahav\.m2\repository\com\github\java-json-tools\json-schema-core\1.2.10\json-schema-core-1.2.10.jar;C:\Users\yahav\.m2\repository\com\github\java-json-tools\jackson-coreutils\1.9\jackson-coreutils-1.9.jar;C:\Users\yahav\.m2\repository\com\github\fge\msg-simple\1.1\msg-simple-1.1.jar;C:\Users\yahav\.m2\repository\com\github\fge\btf\1.2\btf-1.2.jar;C:\Users\yahav\.m2\repository\com\github\fge\uri-template\0.9\uri-template-0.9.jar;C:\Users\yahav\.m2\repository\org\mozilla\rhino\1.7.7.1\rhino-1.7.7.1.jar;C:\Users\yahav\.m2\repository\javax\mail\mailapi\1.4.3\mailapi-1.4.3.jar;C:\Users\yahav\.m2\repository\joda-time\joda-time\2.9.7\joda-time-2.9.7.jar;C:\Users\yahav\.m2\repository\com\googlecode\libphonenumber\libphonenumber\8.0.0\libphonenumber-8.0.0.jar;C:\Users\yahav\.m2\repository\net\sf\jopt-simple\jopt-simple\5.0.3\jopt-simple-5.0.3.jar;C:\Users\yahav\.m2\repository\io\rest-assured\json-path\3.3.0\json-path-3.3.0.jar;C:\Users\yahav\.m2\repository\org\codehaus\groovy\groovy-json\2.4.15\groovy-json-2.4.15.jar;C:\Users\yahav\.m2\repository\io\rest-assured\rest-assured-common\3.3.0\rest-assured-common-3.3.0.jar;C:\Users\yahav\.m2\repository\com\googlecode\json-simple\json-simple\1.1.1\json-simple-1.1.1.jar;C:\Users\yahav\.m2\repository\mysql\mysql-connector-java\8.0.16\mysql-connector-java-8.0.16.jar;C:\Users\yahav\.m2\repository\com\google\protobuf\protobuf-java\3.6.1\protobuf-java-3.6.1.jar;"/>
    <property name="sun.cpu.endian" value="little"/>
    <property name="user.home" value="C:\Users\yahav"/>
    <property name="user.language" value="en"/>
    <property name="java.specification.vendor" value="Oracle Corporation"/>
    <property name="java.home" value="C:\Program Files\Java\jre1.8.0_271"/>
    <property name="basedir" value="C:\Automation\FullStack"/>
    <property name="file.separator" value="\"/>
    <property name="line.separator" value="&#10;"/>
    <property name="java.vm.specification.vendor" value="Oracle Corporation"/>
    <property name="java.specification.name" value="Java Platform API Specification"/>
    <property name="java.awt.graphicsenv" value="sun.awt.Win32GraphicsEnvironment"/>
    <property name="surefire.real.class.path" value="C:\Users\yahav\AppData\Local\Temp\surefire4627521283198547218\surefirebooter153015288759462113.jar;C:\Users\yahav\.m2\repository/org/aspectj/aspectjweaver/1.9.2/aspectjweaver-1.9.2.jar"/>
    <property name="sun.boot.class.path" value="C:\Program Files\Java\jre1.8.0_271\lib\resources.jar;C:\Program Files\Java\jre1.8.0_271\lib\rt.jar;C:\Program Files\Java\jre1.8.0_271\lib\sunrsasign.jar;C:\Program Files\Java\jre1.8.0_271\lib\jsse.jar;C:\Program Files\Java\jre1.8.0_271\lib\jce.jar;C:\Program Files\Java\jre1.8.0_271\lib\charsets.jar;C:\Program Files\Java\jre1.8.0_271\lib\jfr.jar;C:\Program Files\Java\jre1.8.0_271\classes"/>
    <property name="user.script" value=""/>
    <property name="sun.management.compiler" value="HotSpot 64-Bit Tiered Compilers"/>
    <property name="java.runtime.version" value="1.8.0_271-b09"/>
    <property name="user.name" value="yahav"/>
    <property name="path.separator" value=";"/>
    <property name="os.version" value="10.0"/>
    <property name="java.endorsed.dirs" value="C:\Program Files\Java\jre1.8.0_271\lib\endorsed"/>
    <property name="java.runtime.name" value="Java(TM) SE Runtime Environment"/>
    <property name="file.encoding" value="Cp1252"/>
    <property name="java.vm.name" value="Java HotSpot(TM) 64-Bit Server VM"/>
    <property name="localRepository" value="C:\Users\yahav\.m2\repository"/>
    <property name="java.vendor.url.bug" value="http://bugreport.sun.com/bugreport/"/>
    <property name="java.io.tmpdir" value="C:\Users\yahav\AppData\Local\Temp\"/>
    <property name="java.version" value="1.8.0_271"/>
    <property name="user.dir" value="C:\Automation\FullStack"/>
    <property name="os.arch" value="amd64"/>
    <property name="java.vm.specification.name" value="Java Virtual Machine Specification"/>
    <property name="java.awt.printerjob" value="sun.awt.windows.WPrinterJob"/>
    <property name="sun.os.patch.level" value=""/>
    <property name="java.library.path" value="C:\Program Files\Java\jre1.8.0_271\bin;C:\WINDOWS\Sun\Java\bin;C:\WINDOWS\system32;C:\WINDOWS;C:\Python38\Scripts\;C:\Python38\;C:\Program Files\Java\jre1.8.0_241\bin;C:\Program Files (x86)\Common Files\Oracle\Java\javapath;C:\WINDOWS\system32;C:\WINDOWS;C:\WINDOWS\System32\Wbem;C:\WINDOWS\System32\WindowsPowerShell\v1.0\;C:\WINDOWS\System32\OpenSSH\;C:\Automation\allure-2.31.1\bin;C:\Automation\apache-maven-3.6.3\bin;C:\Automation\apache-maven-3.6.3\bin;C:\Program Files (x86)\Windows Kits\10\Windows Performance Toolkit\;C:\Automation\allure-2.13.1\bin;C:\Program Files\nodejs\;C:\ProgramData\chocolatey\bin;C:\Users\yahav\AppData\Local\Microsoft\WindowsApps;C:\Program Files\JetBrains\PyCharm Community Edition 2019.2.4\bin;;C:\Users\yahav\AppData\Roaming\npm;C:\Users\yahav\AppData\Local\Programs\Microsoft VS Code\bin;C:\Program Files\nodejs\;;."/>
    <property name="java.vm.info" value="mixed mode"/>
    <property name="java.vendor" value="Oracle Corporation"/>
    <property name="java.vm.version" value="25.271-b09"/>
    <property name="java.ext.dirs" value="C:\Program Files\Java\jre1.8.0_271\lib\ext;C:\WINDOWS\Sun\Java\lib\ext"/>
    <property name="sun.io.unicode.encoding" value="UnicodeLittle"/>
    <property name="java.class.version" value="52.0"/>
  </properties>
  <testcase name="test01_addSectionAndVerify" classname="SanityTests.JSONServerAPI" time="0.762">
    <failure type="java.lang.NullPointerException">java.lang.NullPointerException
	at SanityTests.JSONServerAPI.test01_addSectionAndVerify(JSONServerAPI.java:17)
</failure>
    <system-err><![CDATA[SLF4J: Failed to load class "org.slf4j.impl.StaticLoggerBinder".
SLF4J: Defaulting to no-operation (NOP) logger implementation
SLF4J: See http://www.slf4j.org/codes.html#StaticLoggerBinder for further details.
Starting ChromeDriver 86.0.4240.22 (398b0743353ff36fb1b82468f63a3a93b4e2e89e-refs/branch-heads/4240@{#378}) on port 39521
Only local connections are allowed.
Please see https://chromedriver.chromium.org/security-considerations for suggestions on keeping ChromeDriver safe.
ChromeDriver was started successfully.
Nov 09, 2020 9:34:20 PM org.openqa.selenium.remote.ProtocolHandshake createSession
INFO: Detected dialect: W3C
Loading class `com.mysql.jdbc.Driver'. This is deprecated. The new driver class is `com.mysql.cj.jdbc.Driver'. The driver is automatically registered via the SPI and manual loading of the driver class is generally unnecessary.
]]></system-err>
  </testcase>
  <testcase name="test02_GetProperty" classname="SanityTests.JSONServerAPI" time="0.001">
    <failure type="java.lang.NullPointerException">java.lang.NullPointerException
	at SanityTests.JSONServerAPI.test02_GetProperty(JSONServerAPI.java:25)
</failure>
  </testcase>
  <testcase name="test03_updateSectionAndVerify" classname="SanityTests.JSONServerAPI" time="0">
    <failure type="java.lang.NullPointerException">java.lang.NullPointerException
	at SanityTests.JSONServerAPI.test03_updateSectionAndVerify(JSONServerAPI.java:33)
</failure>
  </testcase>
  <testcase name="test04_deleteSection" classname="SanityTests.JSONServerAPI" time="0.003">
    <failure type="java.lang.NullPointerException">java.lang.NullPointerException
	at SanityTests.JSONServerAPI.test04_deleteSection(JSONServerAPI.java:41)
</failure>
  </testcase>
</testsuite>