<?xml version="1.0" encoding="UTF-8"?>
<!-- Generated by org.testng.reporters.JUnitReportReporter -->
<testsuite skipped="0" hostname="DESKTOP-ARQUAKT" name="SanityTests.nopCommerceWebDB" tests="1" failures="0" timestamp="09 Nov 2020 18:34:39 GMT" time="6.959" errors="0">
  <testcase name="test01_registerDB" time="6.959" classname="SanityTests.nopCommerceWebDB"/>
</testsuite> <!-- SanityTests.nopCommerceWebDB -->
