<?xml version="1.0" encoding="UTF-8"?>
<!-- Generated by org.testng.reporters.JUnitReportReporter -->
<testsuite skipped="0" hostname="DESKTOP-ARQUAKT" name="SanityTests.nopCommerceWeb" tests="7" failures="0" timestamp="16 Nov 2020 19:26:23 GMT" time="39.019" errors="0">
  <testcase name="test02_addToCart" time="9.898" classname="SanityTests.nopCommerceWeb"/>
  <testcase name="test06_VerifyLogo" time="2.836" classname="SanityTests.nopCommerceWeb"/>
  <testcase name="test05_emptySearchPopup" time="0.942" classname="SanityTests.nopCommerceWeb"/>
  <testcase name="test01_register" time="7.590" classname="SanityTests.nopCommerceWeb"/>
  <testcase name="test07_VerifyYAxis" time="2.455" classname="SanityTests.nopCommerceWeb"/>
  <testcase name="test04_sortBy" time="3.273" classname="SanityTests.nopCommerceWeb"/>
  <testcase name="test03_removeFromCart" time="12.025" classname="SanityTests.nopCommerceWeb"/>
</testsuite> <!-- SanityTests.nopCommerceWeb -->
