<?xml version="1.0" encoding="UTF-8"?>
<!-- Generated by org.testng.reporters.JUnitReportReporter -->
<testsuite skipped="0" hostname="DESKTOP-ARQUAKT" name="SanityTests.JSONServerAPI" tests="4" failures="0" timestamp="16 Nov 2020 19:29:14 GMT" time="6.560" errors="0">
  <testcase name="test04_deleteSection" time="0.038" classname="SanityTests.JSONServerAPI"/>
  <testcase name="test01_addSectionAndVerify" time="4.540" classname="SanityTests.JSONServerAPI"/>
  <testcase name="test02_GetProperty" time="1.885" classname="SanityTests.JSONServerAPI"/>
  <testcase name="test03_updateSectionAndVerify" time="0.097" classname="SanityTests.JSONServerAPI"/>
</testsuite> <!-- SanityTests.JSONServerAPI -->
